<?xml version="1.0" encoding="UTF-8"?>
<!-- Generated by org.testng.reporters.JUnitXMLReporter -->
<testsuite ignored="0" hostname="Rakeshkumars-MacBook-Air.local" failures="4" tests="12" name="APITest" time="5.327" errors="0" timestamp="12 Jun 2020 05:53:21 GMT">
  <testcase classname="tests.TestClass" name="createBookingTestAllFields" time="0.379"/>
  <testcase classname="tests.TestClass" name="createBookingTestAllFields" time="0.34">
    <failure type="java.lang.AssertionError" message="
Expected: a value equal to or greater than &amp;lt;0&amp;gt;
     got: &amp;lt;-100&amp;gt;
">
      <![CDATA[java.lang.AssertionError: 
Expected: a value equal to or greater than <0>
     got: <-100>

at org.junit.Assert.assertThat(Assert.java:780)
at org.junit.Assert.assertThat(Assert.java:738)
at tests.TestClass.createBookingTestAllFields(TestClass.java:95)
... Removed 25 stack frames]]>
    </failure>
  </testcase> <!-- createBookingTestAllFields -->
  <testcase classname="tests.TestClass" name="createBookingTestAllFields" time="0.311">
    <failure type="java.lang.AssertionError" message="expected [400] but found [500]">
      <![CDATA[java.lang.AssertionError: expected [400] but found [500]
at tests.TestClass.createBookingTestAllFields(TestClass.java:99)
... Removed 31 stack frames]]>
    </failure>
  </testcase> <!-- createBookingTestAllFields -->
  <testcase classname="tests.TestClass" name="createBookingTestAllFields" time="0.307">
    <failure type="java.lang.AssertionError" message="expected [400] but found [500]">
      <![CDATA[java.lang.AssertionError: expected [400] but found [500]
at tests.TestClass.createBookingTestAllFields(TestClass.java:99)
... Removed 31 stack frames]]>
    </failure>
  </testcase> <!-- createBookingTestAllFields -->
  <testcase classname="tests.TestClass" name="createBookingTestAllFields" time="0.319">
    <failure type="java.lang.AssertionError" message="expected [400] but found [500]">
      <![CDATA[java.lang.AssertionError: expected [400] but found [500]
at tests.TestClass.createBookingTestAllFields(TestClass.java:99)
... Removed 31 stack frames]]>
    </failure>
  </testcase> <!-- createBookingTestAllFields -->
  <testcase classname="tests.TestClass" name="testUpdateBooking" time="0.345"/>
  <testcase classname="tests.TestClass" name="testUpdateBooking" time="0.34"/>
  <testcase classname="tests.TestClass" name="testUpdateBooking" time="0.316"/>
  <testcase classname="tests.TestClass" name="testUpdateBooking" time="0.312"/>
  <testcase classname="tests.TestClass" name="testUpdateBooking" time="0.327"/>
  <testcase classname="tests.TestClass" name="testUpdateBooking" time="0.315"/>
  <testcase classname="tests.TestClass" name="testGetBookingAfterUpdate" time="0.298"/>
</testsuite> <!-- APITest -->
